<?xml version="1.0" encoding="UTF-8"?>
<testng-results skipped="1" failed="0" total="1" passed="0">
  <reporter-output>
  </reporter-output>
  <suite name="Native test_suite" duration-ms="16" started-at="2020-04-11T18:35:18Z" finished-at="2020-04-11T18:35:19Z">
    <groups>
    </groups>
    <test name="Module 1" duration-ms="16" started-at="2020-04-11T18:35:18Z" finished-at="2020-04-11T18:35:19Z">
      <class name="test.AmazonTest">
        <test-method status="FAIL" signature="beforeSuite(org.testng.ITestContext)" name="beforeSuite" is-config="true" duration-ms="0" started-at="2020-04-11T18:34:12Z" finished-at="2020-04-11T18:34:12Z">
          <params>
            <param index="0">
              <value>
                <![CDATA[org.testng.TestRunner@71c3b41]]>
              </value>
            </param>
          </params>
          <exception class="java.lang.NullPointerException">
            <full-stacktrace>
              <![CDATA[java.lang.NullPointerException
	at core.BaseTestCase.startAppium(BaseTestCase.java:133)
	at core.BaseTestCase.beforeSuite(BaseTestCase.java:146)
	at sun.reflect.NativeMethodAccessorImpl.invoke0(Native Method)
	at sun.reflect.NativeMethodAccessorImpl.invoke(Unknown Source)
	at sun.reflect.DelegatingMethodAccessorImpl.invoke(Unknown Source)
	at java.lang.reflect.Method.invoke(Unknown Source)
	at org.testng.internal.MethodInvocationHelper.invokeMethod(MethodInvocationHelper.java:80)
	at org.testng.internal.Invoker.invokeConfigurationMethod(Invoker.java:525)
	at org.testng.internal.Invoker.invokeConfigurations(Invoker.java:202)
	at org.testng.internal.Invoker.invokeConfigurations(Invoker.java:130)
	at org.testng.SuiteRunner.privateRun(SuiteRunner.java:277)
	at org.testng.SuiteRunner.run(SuiteRunner.java:240)
	at org.testng.SuiteRunnerWorker.runSuite(SuiteRunnerWorker.java:52)
	at org.testng.SuiteRunnerWorker.run(SuiteRunnerWorker.java:86)
	at org.testng.TestNG.runSuitesSequentially(TestNG.java:1158)
	at org.testng.TestNG.runSuitesLocally(TestNG.java:1083)
	at org.testng.TestNG.run(TestNG.java:999)
	at org.testng.remote.RemoteTestNG.run(RemoteTestNG.java:111)
	at org.testng.remote.RemoteTestNG.initAndRun(RemoteTestNG.java:203)
	at org.testng.remote.RemoteTestNG.main(RemoteTestNG.java:174)
]]>
            </full-stacktrace>
          </exception>
        </test-method>
        <test-method status="SKIP" signature="beforeMethod(org.testng.ITestContext, java.lang.reflect.Method)" name="beforeMethod" is-config="true" duration-ms="0" started-at="2020-04-11T18:35:18Z" finished-at="2020-04-11T18:35:18Z">
        </test-method>
        <test-method status="SKIP" signature="testSearchAndCompare()" name="testSearchAndCompare" duration-ms="2" started-at="2020-04-11T18:35:18Z" finished-at="2020-04-11T18:35:18Z">
        </test-method>
        <test-method status="SKIP" signature="afterMethod(org.testng.ITestResult)" name="afterMethod" is-config="true" duration-ms="0" started-at="2020-04-11T18:35:19Z" finished-at="2020-04-11T18:35:19Z">
        </test-method>
        <test-method status="SKIP" signature="afterSuite(org.testng.ITestContext)" name="afterSuite" is-config="true" duration-ms="0" started-at="2020-04-11T18:35:19Z" finished-at="2020-04-11T18:35:19Z">
        </test-method>
      </class>
    </test>
  </suite>
</testng-results>
